<?xml version="1.0" encoding="UTF-8"?>
<!-- Generated by org.testng.reporters.JUnitReportReporter -->
<testsuite hostname="DESKTOP-0UB5VTR" failures="0" tests="1" name="assignment.NotifyOwner" time="24.775" errors="0" timestamp="2022-01-17T16:06:11 IST" skipped="0">
  <testcase classname="assignment.NotifyOwner" name="NotifyOwner" time="24.775"/>
  <system-out/>
</testsuite> <!-- assignment.NotifyOwner -->
