<?xml version="1.0" encoding="UTF-8"?>
<!-- Generated by org.testng.reporters.JUnitReportReporter -->
<testsuite hostname="DESKTOP-0UB5VTR" failures="0" tests="1" name="assignment.CreateNewOrganizationRatingDropdownTest" time="17.823" errors="0" timestamp="2022-01-19T09:16:35 IST" skipped="0">
  <testcase classname="assignment.CreateNewOrganizationRatingDropdownTest" name="CretenewOrganizationRatingDropdownTest" time="17.823"/>
  <system-out/>
</testsuite> <!-- assignment.CreateNewOrganizationRatingDropdownTest -->
