<?xml version="1.0" encoding="UTF-8"?>
<!-- Generated by org.testng.reporters.JUnitReportReporter -->
<testsuite hostname="DESKTOP-0UB5VTR" failures="0" tests="1" name="assignment.NotifyOwnerIsEnabledorNot" time="20.604" errors="0" timestamp="2022-01-18T17:59:02 IST" skipped="0">
  <testcase classname="assignment.NotifyOwnerIsEnabledorNot" name="NotifyOwnerIsEnabledorNot" time="20.604"/>
  <system-out/>
</testsuite> <!-- assignment.NotifyOwnerIsEnabledorNot -->
