<?xml version="1.0" encoding="UTF-8"?>
<!-- Generated by org.testng.reporters.JUnitReportReporter -->
<testsuite hostname="DESKTOP-0UB5VTR" failures="0" tests="4" name="TestNG.Test2" time="0.058" errors="0" timestamp="2022-01-18T18:14:37 IST" skipped="0">
  <testcase classname="TestNG.Test2" name="customerTest1" time="0.027"/>
  <system-out/>
  <testcase classname="TestNG.Test2" name="customerTest1" time="0.027"/>
  <system-out/>
  <testcase classname="TestNG.Test2" name="customerTest2" time="0.002"/>
  <system-out/>
  <testcase classname="TestNG.Test2" name="customerTest2" time="0.002"/>
  <system-out/>
</testsuite> <!-- TestNG.Test2 -->
