<?xml version="1.0" encoding="UTF-8"?>
<!-- Generated by org.testng.reporters.JUnitReportReporter -->
<testsuite hostname="DESKTOP-0UB5VTR" failures="0" tests="6" name="practice.CreateOrg" time="0.031" errors="0" timestamp="2022-01-18T19:45:10 IST" skipped="0">
  <testcase classname="practice.CreateOrg" name="org" time="0.004"/>
  <system-out/>
  <testcase classname="practice.CreateOrg" name="Contact" time="0.004"/>
  <system-out/>
  <testcase classname="practice.CreateOrg" name="Contact" time="0.012"/>
  <system-out/>
  <testcase classname="practice.CreateOrg" name="org" time="0.004"/>
  <system-out/>
  <testcase classname="practice.CreateOrg" name="product" time="0.003"/>
  <system-out/>
  <testcase classname="practice.CreateOrg" name="product" time="0.004"/>
  <system-out/>
</testsuite> <!-- practice.CreateOrg -->
