<?xml version="1.0" encoding="UTF-8"?>
<!-- Generated by org.testng.reporters.JUnitReportReporter -->
<testsuite hostname="DESKTOP-0UB5VTR" failures="0" tests="4" name="TestNG.Test1" time="0.018" errors="0" timestamp="2022-01-18T18:14:37 IST" skipped="0">
  <testcase classname="TestNG.Test1" name="createContact" time="0.002"/>
  <system-out/>
  <testcase classname="TestNG.Test1" name="createOrganization" time="0.005"/>
  <system-out/>
  <testcase classname="TestNG.Test1" name="createOrganization" time="0.005"/>
  <system-out/>
  <testcase classname="TestNG.Test1" name="createContact" time="0.006"/>
  <system-out/>
</testsuite> <!-- TestNG.Test1 -->
