<?xml version="1.0" encoding="UTF-8"?>
<!-- Generated by org.testng.reporters.JUnitReportReporter -->
<testsuite hostname="DESKTOP-0UB5VTR" failures="0" tests="1" name="practice.SoftAssertions" time="0.017" errors="0" timestamp="2022-01-19T14:16:51 IST" skipped="0">
  <testcase classname="practice.SoftAssertions" name="sample" time="0.017"/>
  <system-out>
    <![CDATA[soft assert]]>
  </system-out>
</testsuite> <!-- practice.SoftAssertions -->
