<?xml version="1.0" encoding="UTF-8"?>
<!-- Generated by org.testng.reporters.JUnitReportReporter -->
<testsuite hostname="DESKTOP-0UB5VTR" failures="0" tests="1" name="practice.CreateOrganizationTest" time="20.122" errors="0" timestamp="2022-01-19T14:59:29 IST" skipped="0">
  <testcase classname="practice.CreateOrganizationTest" name="CreateOrg" time="20.122"/>
  <system-out/>
</testsuite> <!-- practice.CreateOrganizationTest -->
