<?xml version="1.0" encoding="UTF-8"?>
<!-- Generated by org.testng.reporters.JUnitXMLReporter -->
<testsuite ignored="0" hostname="DESKTOP-0UB5VTR" failures="0" tests="3" name="Test-runner-2" time="0.024" errors="0" timestamp="2022-01-18T19:45:10 IST">
  <testcase classname="practice.CreateOrg" name="Contact" time="0.002"/>
  <testcase classname="practice.CreateOrg" name="org" time="0.002"/>
  <testcase classname="practice.CreateOrg" name="product" time="0.003"/>
</testsuite> <!-- Test-runner-2 -->
