<?xml version="1.0" encoding="UTF-8"?>
<!-- Generated by org.testng.reporters.JUnitXMLReporter -->
<testsuite ignored="0" hostname="DESKTOP-0UB5VTR" failures="0" tests="1" name="Test-Runner-Chrome" time="30.057" errors="0" timestamp="2022-01-19T10:10:14 IST">
  <testcase classname="practice.CreateOrganizationTest" name="CreateOrg" time="18.947"/>
</testsuite> <!-- Test-Runner-Chrome -->
